{
  "RSpec": {
    "coverage": {
      "/Users/student/Desktop/Desktop/projects/Week10/Bank-tech-test/spec/account_spec.rb": [
        1,
        null,
        1,
        4,
        4,
        4,
        null,
        1,
        2,
        1,
        null,
        null,
        1,
        2,
        1,
        null,
        null,
        1,
        2,
        1,
        1,
        null,
        null
      ],
      "/Users/student/Desktop/Desktop/projects/Week10/Bank-tech-test/lib/account.rb": [
        null,
        1,
        null,
        1,
        null,
        1,
        3,
        3,
        null,
        null,
        1,
        2,
        null,
        null,
        1,
        1,
        null,
        null,
        1,
        1,
        null,
        null,
        null
      ],
      "/Users/student/Desktop/Desktop/projects/Week10/Bank-tech-test/lib/transaction.rb": [
        1,
        null,
        1,
        1,
        null,
        1,
        2,
        null,
        null,
        1,
        1,
        null,
        null,
        1,
        1,
        null,
        null,
        1,
        null,
        1,
        2,
        null,
        null
      ],
      "/Users/student/Desktop/Desktop/projects/Week10/Bank-tech-test/lib/balance.rb": [
        null,
        null,
        null,
        null,
        null,
        null,
        null,
        null,
        null,
        null,
        null,
        null,
        null,
        null
      ],
      "/Users/student/Desktop/Desktop/projects/Week10/Bank-tech-test/spec/balance_spec.rb": [
        null,
        null,
        null,
        null,
        null,
        null,
        null,
        null,
        null,
        null,
        null,
        null,
        null,
        null
      ],
      "/Users/student/Desktop/Desktop/projects/Week10/Bank-tech-test/spec/feature/user_can_make_a_deposit_and_see_statement_spec.rb": [
        1,
        null,
        1,
        1,
        null,
        null,
        null,
        null,
        null,
        null,
        null
      ],
      "/Users/student/Desktop/Desktop/projects/Week10/Bank-tech-test/spec/transaction_spec.rb": [
        1,
        null,
        1,
        3,
        3,
        3,
        null,
        1,
        2,
        1,
        null,
        null,
        1,
        2,
        1,
        null,
        null,
        null
      ]
    },
    "timestamp": 1564497941
  }
}
